  AddTEAMenu.cpp
E:\VisualStudio\ZYGGLXT\状元阁管理系统\OperateSTD.h(17,26): error C2061: 语法错误: 标识符“Student”
E:\VisualStudio\ZYGGLXT\状元阁管理系统\OperateSTD.h(21,17): error C3646: “student”: 未知重写说明符
E:\VisualStudio\ZYGGLXT\状元阁管理系统\OperateSTD.h(21,17): error C4430: 缺少类型说明符 - 假定为 int。注意: C++ 不支持默认 int
E:\VisualStudio\ZYGGLXT\状元阁管理系统\OperateSTD.h(35,20): error C3646: “getStudent”: 未知重写说明符
E:\VisualStudio\ZYGGLXT\状元阁管理系统\OperateSTD.h(35,20): error C2059: 语法错误:“(”
E:\VisualStudio\ZYGGLXT\状元阁管理系统\OperateSTD.h(35,22): error C2238: 意外的标记位于“;”之前
E:\VisualStudio\ZYGGLXT\状元阁管理系统\Student.h(15,45): error C2245: 将不存在的成员函数“OperateSTD::setStdsID”指定为友元(成员函数签名与所有重载都不匹配)
  OperateSTD.cpp
E:\VisualStudio\ZYGGLXT\状元阁管理系统\Student.h(15,35): error C2653: “OperateSTD”: 不是类或命名空间名称
E:\VisualStudio\ZYGGLXT\状元阁管理系统\PerInfo.h(16,12): error C2535: “PerInfo::PerInfo(void)”: 已经定义或声明成员函数
E:\VisualStudio\ZYGGLXT\状元阁管理系统\PerInfo.h(14): message : 参见“PerInfo::PerInfo”的声明
E:\VisualStudio\ZYGGLXT\状元阁管理系统\OperateSTD.cpp(98,5): error C2248: “People::ID”: 无法访问 protected 成员(在“People”类中声明)
E:\VisualStudio\ZYGGLXT\状元阁管理系统\People.h(21): message : 参见“People::ID”的声明
E:\VisualStudio\ZYGGLXT\状元阁管理系统\People.h(7): message : 参见“People”的声明
  AddSTdMenu.cpp
E:\VisualStudio\ZYGGLXT\状元阁管理系统\OperateSTD.h(17,26): error C2061: 语法错误: 标识符“Student”
E:\VisualStudio\ZYGGLXT\状元阁管理系统\OperateSTD.h(21,17): error C3646: “student”: 未知重写说明符
E:\VisualStudio\ZYGGLXT\状元阁管理系统\OperateSTD.h(21,17): error C4430: 缺少类型说明符 - 假定为 int。注意: C++ 不支持默认 int
E:\VisualStudio\ZYGGLXT\状元阁管理系统\OperateSTD.h(35,20): error C3646: “getStudent”: 未知重写说明符
E:\VisualStudio\ZYGGLXT\状元阁管理系统\OperateSTD.h(35,20): error C2059: 语法错误:“(”
E:\VisualStudio\ZYGGLXT\状元阁管理系统\OperateSTD.h(35,22): error C2238: 意外的标记位于“;”之前
E:\VisualStudio\ZYGGLXT\状元阁管理系统\Student.h(15,45): error C2245: 将不存在的成员函数“OperateSTD::setStdsID”指定为友元(成员函数签名与所有重载都不匹配)
  BaseFile.cpp
E:\VisualStudio\ZYGGLXT\状元阁管理系统\OperateSTD.h(17,26): error C2061: 语法错误: 标识符“Student”
E:\VisualStudio\ZYGGLXT\状元阁管理系统\OperateSTD.h(21,17): error C3646: “student”: 未知重写说明符
E:\VisualStudio\ZYGGLXT\状元阁管理系统\OperateSTD.h(21,17): error C4430: 缺少类型说明符 - 假定为 int。注意: C++ 不支持默认 int
E:\VisualStudio\ZYGGLXT\状元阁管理系统\OperateSTD.h(35,20): error C3646: “getStudent”: 未知重写说明符
E:\VisualStudio\ZYGGLXT\状元阁管理系统\OperateSTD.h(35,20): error C2059: 语法错误:“(”
E:\VisualStudio\ZYGGLXT\状元阁管理系统\OperateSTD.h(35,22): error C2238: 意外的标记位于“;”之前
E:\VisualStudio\ZYGGLXT\状元阁管理系统\Student.h(15,45): error C2245: 将不存在的成员函数“OperateSTD::setStdsID”指定为友元(成员函数签名与所有重载都不匹配)
  LogIn.cpp
E:\VisualStudio\ZYGGLXT\状元阁管理系统\OperateSTD.h(17,26): error C2061: 语法错误: 标识符“Student”
E:\VisualStudio\ZYGGLXT\状元阁管理系统\OperateSTD.h(21,17): error C3646: “student”: 未知重写说明符
E:\VisualStudio\ZYGGLXT\状元阁管理系统\OperateSTD.h(21,17): error C4430: 缺少类型说明符 - 假定为 int。注意: C++ 不支持默认 int
E:\VisualStudio\ZYGGLXT\状元阁管理系统\OperateSTD.h(35,20): error C3646: “getStudent”: 未知重写说明符
E:\VisualStudio\ZYGGLXT\状元阁管理系统\OperateSTD.h(35,20): error C2059: 语法错误:“(”
E:\VisualStudio\ZYGGLXT\状元阁管理系统\OperateSTD.h(35,22): error C2238: 意外的标记位于“;”之前
E:\VisualStudio\ZYGGLXT\状元阁管理系统\Student.h(15,45): error C2245: 将不存在的成员函数“OperateSTD::setStdsID”指定为友元(成员函数签名与所有重载都不匹配)
  OperateTEA.cpp
E:\VisualStudio\ZYGGLXT\状元阁管理系统\OperateSTD.h(17,26): error C2061: 语法错误: 标识符“Student”
E:\VisualStudio\ZYGGLXT\状元阁管理系统\OperateSTD.h(21,17): error C3646: “student”: 未知重写说明符
E:\VisualStudio\ZYGGLXT\状元阁管理系统\OperateSTD.h(21,17): error C4430: 缺少类型说明符 - 假定为 int。注意: C++ 不支持默认 int
E:\VisualStudio\ZYGGLXT\状元阁管理系统\OperateSTD.h(35,20): error C3646: “getStudent”: 未知重写说明符
E:\VisualStudio\ZYGGLXT\状元阁管理系统\OperateSTD.h(35,20): error C2059: 语法错误:“(”
E:\VisualStudio\ZYGGLXT\状元阁管理系统\OperateSTD.h(35,22): error C2238: 意外的标记位于“;”之前
E:\VisualStudio\ZYGGLXT\状元阁管理系统\Student.h(15,45): error C2245: 将不存在的成员函数“OperateSTD::setStdsID”指定为友元(成员函数签名与所有重载都不匹配)
  People.cpp
  PerInfo.cpp
E:\VisualStudio\ZYGGLXT\状元阁管理系统\PerInfo.h(16,12): error C2535: “PerInfo::PerInfo(void)”: 已经定义或声明成员函数
E:\VisualStudio\ZYGGLXT\状元阁管理系统\PerInfo.h(14): message : 参见“PerInfo::PerInfo”的声明
E:\VisualStudio\ZYGGLXT\状元阁管理系统\PerInfo.cpp(11,1): error C2084: 函数“PerInfo::PerInfo(void)”已有主体
E:\VisualStudio\ZYGGLXT\状元阁管理系统\PerInfo.cpp(3): message : 参见“{ctor}”的前一个定义
E:\VisualStudio\ZYGGLXT\状元阁管理系统\PerInfo.cpp(38,1): error C2600: “PerInfo::PerInfo”: 不能定义编译器生成的特殊成员函数(必须首先在类中声明)
  stdafx.cpp
E:\VisualStudio\ZYGGLXT\状元阁管理系统\OperateSTD.h(17,26): error C2061: 语法错误: 标识符“Student”
E:\VisualStudio\ZYGGLXT\状元阁管理系统\OperateSTD.h(21,17): error C3646: “student”: 未知重写说明符
E:\VisualStudio\ZYGGLXT\状元阁管理系统\OperateSTD.h(21,17): error C4430: 缺少类型说明符 - 假定为 int。注意: C++ 不支持默认 int
E:\VisualStudio\ZYGGLXT\状元阁管理系统\OperateSTD.h(35,20): error C3646: “getStudent”: 未知重写说明符
E:\VisualStudio\ZYGGLXT\状元阁管理系统\OperateSTD.h(35,20): error C2059: 语法错误:“(”
E:\VisualStudio\ZYGGLXT\状元阁管理系统\OperateSTD.h(35,22): error C2238: 意外的标记位于“;”之前
E:\VisualStudio\ZYGGLXT\状元阁管理系统\Student.h(15,45): error C2245: 将不存在的成员函数“OperateSTD::setStdsID”指定为友元(成员函数签名与所有重载都不匹配)
  StoreTable.cpp
  Student.cpp
E:\VisualStudio\ZYGGLXT\状元阁管理系统\OperateSTD.h(17,26): error C2061: 语法错误: 标识符“Student”
E:\VisualStudio\ZYGGLXT\状元阁管理系统\OperateSTD.h(21,17): error C3646: “student”: 未知重写说明符
E:\VisualStudio\ZYGGLXT\状元阁管理系统\OperateSTD.h(21,17): error C4430: 缺少类型说明符 - 假定为 int。注意: C++ 不支持默认 int
E:\VisualStudio\ZYGGLXT\状元阁管理系统\OperateSTD.h(35,20): error C3646: “getStudent”: 未知重写说明符
E:\VisualStudio\ZYGGLXT\状元阁管理系统\OperateSTD.h(35,20): error C2059: 语法错误:“(”
E:\VisualStudio\ZYGGLXT\状元阁管理系统\OperateSTD.h(35,22): error C2238: 意外的标记位于“;”之前
E:\VisualStudio\ZYGGLXT\状元阁管理系统\Student.h(15,45): error C2245: 将不存在的成员函数“OperateSTD::setStdsID”指定为友元(成员函数签名与所有重载都不匹配)
  Table.cpp
  Test.cpp
E:\VisualStudio\ZYGGLXT\状元阁管理系统\OperateSTD.h(17,26): error C2061: 语法错误: 标识符“Student”
E:\VisualStudio\ZYGGLXT\状元阁管理系统\OperateSTD.h(21,17): error C3646: “student”: 未知重写说明符
E:\VisualStudio\ZYGGLXT\状元阁管理系统\OperateSTD.h(21,17): error C4430: 缺少类型说明符 - 假定为 int。注意: C++ 不支持默认 int
E:\VisualStudio\ZYGGLXT\状元阁管理系统\OperateSTD.h(35,20): error C3646: “getStudent”: 未知重写说明符
E:\VisualStudio\ZYGGLXT\状元阁管理系统\OperateSTD.h(35,20): error C2059: 语法错误:“(”
E:\VisualStudio\ZYGGLXT\状元阁管理系统\OperateSTD.h(35,22): error C2238: 意外的标记位于“;”之前
E:\VisualStudio\ZYGGLXT\状元阁管理系统\Student.h(15,45): error C2245: 将不存在的成员函数“OperateSTD::setStdsID”指定为友元(成员函数签名与所有重载都不匹配)
  正在生成代码...
